Start testing: Jun 05 14:23 PDT
----------------------------------------------------------
1/1 Testing: Components_MathSender_ut_exe
1/1 Test: Components_MathSender_ut_exe
Command: "/Users/asloan/MathProject1/build-fprime-automatic-native-ut/bin/Darwin/Components_MathSender_ut_exe"
Directory: /Users/asloan/MathProject1/build-fprime-automatic-native-ut/Components/MathSender
"Components_MathSender_ut_exe" start time: Jun 05 14:23 PDT
Output:
----------------------------------------------------------
[STest::Random] Generated seed 874644 from system time
[==========] Running 2 tests from 1 test suite.
[----------] Global test environment set-up.
[----------] 2 tests from Nominal
[ RUN      ] Nominal.ToDo
[       OK ] Nominal.ToDo (0 ms)
[ RUN      ] Nominal.AddCommand
[       OK ] Nominal.AddCommand (0 ms)
[----------] 2 tests from Nominal (1 ms total)

[----------] Global test environment tear-down
[==========] 2 tests from 1 test suite ran. (1 ms total)
[  PASSED  ] 2 tests.
<end of output>
Test time =   0.28 sec
----------------------------------------------------------
Test Passed.
"Components_MathSender_ut_exe" end time: Jun 05 14:23 PDT
"Components_MathSender_ut_exe" time elapsed: 00:00:00
----------------------------------------------------------

End testing: Jun 05 14:23 PDT
